# JRE version: Java(TM) SE Runtime Environment (8.0_144-b01) (build 1.8.0_144-b01)
# Java VM: Java HotSpot(TM) 64-Bit Server VM (25.144-b01 mixed mode windows-amd64 compressed oops)
Heap:
 PSYoungGen      total 106496K, used 26972K [0x0000000780900000, 0x0000000787900000, 0x00000007c0000000)
  eden space 98304K, 27% used [0x0000000780900000,0x00000007823573b0,0x0000000786900000)
  from space 8192K, 0% used [0x0000000786900000,0x0000000786900000,0x0000000787100000)
  to   space 8192K, 0% used [0x0000000787100000,0x0000000787100000,0x0000000787900000)
 ParOldGen       total 131072K, used 48334K [0x0000000701a00000, 0x0000000709a00000, 0x0000000780900000)
  object space 131072K, 36% used [0x0000000701a00000,0x0000000704933960,0x0000000709a00000)
 Metaspace       used 22721K, capacity 22797K, committed 23040K, reserved 1069056K
  class space    used 3297K, capacity 3312K, committed 3328K, reserved 1048576K
GC Heap History (8 events):
Event: 0.810 GC heap before
{Heap before GC invocations=1 (full 0):
 PSYoungGen      total 57344K, used 49152K [0x0000000780900000, 0x0000000784900000, 0x00000007c0000000)
  eden space 49152K, 100% used [0x0000000780900000,0x0000000783900000,0x0000000783900000)
  from space 8192K, 0% used [0x0000000784100000,0x0000000784100000,0x0000000784900000)
  to   space 8192K, 0% used [0x0000000783900000,0x0000000783900000,0x0000000784100000)
 ParOldGen       total 131072K, used 0K [0x0000000701a00000, 0x0000000709a00000, 0x0000000780900000)
  object space 131072K, 0% used [0x0000000701a00000,0x0000000701a00000,0x0000000709a00000)
 Metaspace       used 14127K, capacity 14248K, committed 14592K, reserved 1060864K
  class space    used 2158K, capacity 2192K, committed 2304K, reserved 1048576K
Event: 0.821 GC heap after
Heap after GC invocations=1 (full 0):
 PSYoungGen      total 57344K, used 8184K [0x0000000780900000, 0x0000000787900000, 0x00000007c0000000)
  eden space 49152K, 0% used [0x0000000780900000,0x0000000780900000,0x0000000783900000)
  from space 8192K, 99% used [0x0000000783900000,0x00000007840fe1c0,0x0000000784100000)
  to   space 8192K, 0% used [0x0000000787100000,0x0000000787100000,0x0000000787900000)
 ParOldGen       total 131072K, used 6243K [0x0000000701a00000, 0x0000000709a00000, 0x0000000780900000)
  object space 131072K, 4% used [0x0000000701a00000,0x0000000702018c78,0x0000000709a00000)
 Metaspace       used 14127K, capacity 14248K, committed 14592K, reserved 1060864K
  class space    used 2158K, capacity 2192K, committed 2304K, reserved 1048576K
}
Event: 0.937 GC heap before
{Heap before GC invocations=2 (full 0):
 PSYoungGen      total 57344K, used 57336K [0x0000000780900000, 0x0000000787900000, 0x00000007c0000000)
  eden space 49152K, 100% used [0x0000000780900000,0x0000000783900000,0x0000000783900000)
  from space 8192K, 99% used [0x0000000783900000,0x00000007840fe1c0,0x0000000784100000)
  to   space 8192K, 0% used [0x0000000787100000,0x0000000787100000,0x0000000787900000)
 ParOldGen       total 131072K, used 6243K [0x0000000701a00000, 0x0000000709a00000, 0x0000000780900000)
  object space 131072K, 4% used [0x0000000701a00000,0x0000000702018c78,0x0000000709a00000)
 Metaspace       used 14176K, capacity 14312K, committed 14592K, reserved 1060864K
  class space    used 2159K, capacity 2192K, committed 2304K, reserved 1048576K
Event: 0.953 GC heap after
Heap after GC invocations=2 (full 0):
 PSYoungGen      total 106496K, used 8168K [0x0000000780900000, 0x0000000787900000, 0x00000007c0000000)
  eden space 98304K, 0% used [0x0000000780900000,0x0000000780900000,0x0000000786900000)
  from space 8192K, 99% used [0x0000000787100000,0x00000007878fa1d0,0x0000000787900000)
  to   space 8192K, 0% used [0x0000000786900000,0x0000000786900000,0x0000000787100000)
 ParOldGen       total 131072K, used 33311K [0x0000000701a00000, 0x0000000709a00000, 0x0000000780900000)
  object space 131072K, 25% used [0x0000000701a00000,0x0000000703a87d88,0x0000000709a00000)
 Metaspace       used 14176K, capacity 14312K, committed 14592K, reserved 1060864K
  class space    used 2159K, capacity 2192K, committed 2304K, reserved 1048576K
}
Event: 1.444 GC heap before
{Heap before GC invocations=3 (full 0):
 PSYoungGen      total 106496K, used 48338K [0x0000000780900000, 0x0000000787900000, 0x00000007c0000000)
  eden space 98304K, 40% used [0x0000000780900000,0x000000078303a928,0x0000000786900000)
  from space 8192K, 99% used [0x0000000787100000,0x00000007878fa1d0,0x0000000787900000)
  to   space 8192K, 0% used [0x0000000786900000,0x0000000786900000,0x0000000787100000)
 ParOldGen       total 131072K, used 33311K [0x0000000701a00000, 0x0000000709a00000, 0x0000000780900000)
  object space 131072K, 25% used [0x0000000701a00000,0x0000000703a87d88,0x0000000709a00000)
 Metaspace       used 20965K, capacity 21037K, committed 21248K, reserved 1067008K
  class space    used 3012K, capacity 3024K, committed 3072K, reserved 1048576K
Event: 1.458 GC heap after
Heap after GC invocations=3 (full 0):
 PSYoungGen      total 106496K, used 8163K [0x0000000780900000, 0x0000000787900000, 0x00000007c0000000)
  eden space 98304K, 0% used [0x0000000780900000,0x0000000780900000,0x0000000786900000)
  from space 8192K, 99% used [0x0000000786900000,0x00000007870f8e50,0x0000000787100000)
  to   space 8192K, 0% used [0x0000000787100000,0x0000000787100000,0x0000000787900000)
 ParOldGen       total 131072K, used 46534K [0x0000000701a00000, 0x0000000709a00000, 0x0000000780900000)
  object space 131072K, 35% used [0x0000000701a00000,0x00000007047718a8,0x0000000709a00000)
 Metaspace       used 20965K, capacity 21037K, committed 21248K, reserved 1067008K
  class space    used 3012K, capacity 3024K, committed 3072K, reserved 1048576K
}
Event: 1.458 GC heap before
{Heap before GC invocations=4 (full 1):
 PSYoungGen      total 106496K, used 8163K [0x0000000780900000, 0x0000000787900000, 0x00000007c0000000)
  eden space 98304K, 0% used [0x0000000780900000,0x0000000780900000,0x0000000786900000)
  from space 8192K, 99% used [0x0000000786900000,0x00000007870f8e50,0x0000000787100000)
  to   space 8192K, 0% used [0x0000000787100000,0x0000000787100000,0x0000000787900000)
 ParOldGen       total 131072K, used 46534K [0x0000000701a00000, 0x0000000709a00000, 0x0000000780900000)
  object space 131072K, 35% used [0x0000000701a00000,0x00000007047718a8,0x0000000709a00000)
 Metaspace       used 20965K, capacity 21037K, committed 21248K, reserved 1067008K
  class space    used 3012K, capacity 3024K, committed 3072K, reserved 1048576K
Event: 1.542 GC heap after
Heap after GC invocations=4 (full 1):
 PSYoungGen      total 106496K, used 0K [0x0000000780900000, 0x0000000787900000, 0x00000007c0000000)
  eden space 98304K, 0% used [0x0000000780900000,0x0000000780900000,0x0000000786900000)
  from space 8192K, 0% used [0x0000000786900000,0x0000000786900000,0x0000000787100000)
  to   space 8192K, 0% used [0x0000000787100000,0x0000000787100000,0x0000000787900000)
 ParOldGen       total 131072K, used 48334K [0x0000000701a00000, 0x0000000709a00000, 0x0000000780900000)
  object space 131072K, 36% used [0x0000000701a00000,0x0000000704933960,0x0000000709a00000)
 Metaspace       used 20965K, capacity 21037K, committed 21248K, reserved 1067008K
  class space    used 3012K, capacity 3024K, committed 3072K, reserved 1048576K
}

